<?xml version="1.0" encoding="UTF-8"?>
<!-- Generated by org.testng.reporters.JUnitXMLReporter -->
<testsuite hostname="EXIPC0060" ignored="3" name="Test" tests="4" failures="3" timestamp="18 May 2021 06:21:56 GMT" time="46.224" errors="0">
  <testcase name="FirstRun" time="15.066" classname="org.Ex2FW.Test1">
    <failure type="org.openqa.selenium.NoSuchElementException" message="no such element: Unable to locate element: {&amp;quot;method&amp;quot;:&amp;quot;css selector&amp;quot;,&amp;quot;selector&amp;quot;:&amp;quot;*[name=&amp;apos;firstname&amp;apos;]&amp;quot;}
  (Session info: chrome=90.0.4430.212)
For documentation on this error, please visit: http://seleniumhq.org/exceptions/no_such_element.html
Build info: version: &amp;apos;3.14.0&amp;apos;, revision: &amp;apos;aacccce0&amp;apos;, time: &amp;apos;2018-08-02T20:19:58.91Z&amp;apos;
System info: host: &amp;apos;EXIPC0060&amp;apos;, ip: &amp;apos;192.168.56.1&amp;apos;, os.name: &amp;apos;Windows 10&amp;apos;, os.arch: &amp;apos;x86&amp;apos;, os.version: &amp;apos;10.0&amp;apos;, java.version: &amp;apos;1.8.0_241&amp;apos;
Driver info: org.openqa.selenium.chrome.ChromeDriver
Capabilities {acceptInsecureCerts: false, browserName: chrome, browserVersion: 90.0.4430.212, chrome: {chromedriverVersion: 90.0.4430.24 (4c6d850f087da..., userDataDir: C:\Users\SKUMAR~1.EX2\AppDa...}, goog:chromeOptions: {debuggerAddress: localhost:51525}, javascriptEnabled: true, networkConnectionEnabled: false, pageLoadStrategy: normal, platform: WINDOWS, platformName: WINDOWS, proxy: Proxy(), setWindowRect: true, strictFileInteractability: false, timeouts: {implicit: 0, pageLoad: 300000, script: 30000}, unhandledPromptBehavior: dismiss and notify, webauthn:extension:largeBlob: true, webauthn:virtualAuthenticators: true}
Session ID: 54b298467ac5d73926c7da1413401a78
*** Element info: {Using=name, value=firstname}">
      <![CDATA[org.openqa.selenium.NoSuchElementException: no such element: Unable to locate element: {"method":"css selector","selector":"*[name='firstname']"}
  (Session info: chrome=90.0.4430.212)
For documentation on this error, please visit: http://seleniumhq.org/exceptions/no_such_element.html
Build info: version: '3.14.0', revision: 'aacccce0', time: '2018-08-02T20:19:58.91Z'
System info: host: 'EXIPC0060', ip: '192.168.56.1', os.name: 'Windows 10', os.arch: 'x86', os.version: '10.0', java.version: '1.8.0_241'
Driver info: org.openqa.selenium.chrome.ChromeDriver
Capabilities {acceptInsecureCerts: false, browserName: chrome, browserVersion: 90.0.4430.212, chrome: {chromedriverVersion: 90.0.4430.24 (4c6d850f087da..., userDataDir: C:\Users\SKUMAR~1.EX2\AppDa...}, goog:chromeOptions: {debuggerAddress: localhost:51525}, javascriptEnabled: true, networkConnectionEnabled: false, pageLoadStrategy: normal, platform: WINDOWS, platformName: WINDOWS, proxy: Proxy(), setWindowRect: true, strictFileInteractability: false, timeouts: {implicit: 0, pageLoad: 300000, script: 30000}, unhandledPromptBehavior: dismiss and notify, webauthn:extension:largeBlob: true, webauthn:virtualAuthenticators: true}
Session ID: 54b298467ac5d73926c7da1413401a78
*** Element info: {Using=name, value=firstname}
	at org.openqa.selenium.remote.http.W3CHttpResponseCodec.createException(W3CHttpResponseCodec.java:187)
	at org.openqa.selenium.remote.http.W3CHttpResponseCodec.decode(W3CHttpResponseCodec.java:122)
	at org.openqa.selenium.remote.http.W3CHttpResponseCodec.decode(W3CHttpResponseCodec.java:49)
	at org.openqa.selenium.remote.HttpCommandExecutor.execute(HttpCommandExecutor.java:158)
	at org.openqa.selenium.remote.service.DriverCommandExecutor.execute(DriverCommandExecutor.java:83)
	at org.openqa.selenium.remote.RemoteWebDriver.execute(RemoteWebDriver.java:548)
	at org.openqa.selenium.remote.RemoteWebDriver.findElement(RemoteWebDriver.java:322)
	at org.openqa.selenium.remote.RemoteWebDriver.findElementByName(RemoteWebDriver.java:400)
	at org.openqa.selenium.By$ByName.findElement(By.java:284)
	at org.openqa.selenium.remote.RemoteWebDriver.findElement(RemoteWebDriver.java:314)
	at com.pageObjects.LandingPage.enterFirstname(LandingPage.java:22)
	at org.Ex2FW.Test1.FirstRun(Test1.java:16)
... Removed 29 stack frames]]>
    </failure>
  </testcase> <!-- FirstRun -->
  <testcase name="FirstRun" time="1.604" classname="org.Ex2FW.Test2">
    <failure type="java.lang.NullPointerException">
      <![CDATA[java.lang.NullPointerException
	at org.Ex2FW.Test2.FirstRun(Test2.java:12)
... Removed 25 stack frames]]>
    </failure>
  </testcase> <!-- FirstRun -->
  <testcase name="testResponsecode" time="3.57" classname="org.Ex2FW.ApiTest1"/>
  <testcase name="FirstRun" time="25.341" classname="org.Ex2FW.Test3">
    <failure type="java.lang.AssertionError">
      <![CDATA[java.lang.AssertionError
	at Utils.ImageHelper.verifyUIDistortion(ImageHelper.java:209)
	at Utils.ImageHelper.verifyPageIsNotDistorted(ImageHelper.java:43)
	at org.Ex2FW.Test3.FirstRun(Test3.java:17)
... Removed 25 stack frames]]>
    </failure>
  </testcase> <!-- FirstRun -->
  <testcase name="@AfterTest destroyDriver" time="0.0" classname="org.Ex2FW.base">
    <ignored/>
  </testcase> <!-- @AfterTest destroyDriver -->
  <testcase name="@AfterTest destroyDriver" time="0.0" classname="org.Ex2FW.base">
    <ignored/>
  </testcase> <!-- @AfterTest destroyDriver -->
  <testcase name="@AfterTest destroyDriver" time="0.0" classname="org.Ex2FW.base">
    <ignored/>
  </testcase> <!-- @AfterTest destroyDriver -->
</testsuite> <!-- Test -->
